<?xml version="1.0" encoding="UTF-8"?>
<!-- Generated by org.testng.reporters.JUnitXMLReporter -->
<testsuite ignored="3" hostname="DESKTOP-ONM5U6M" failures="1" tests="2" name="Default test(failed)" time="0.106" errors="0" timestamp="2022-06-14T15:56:08 IST">
  <testcase classname="xmlStudy.MyTest5" name="myMethod1" time="0.027">
    <failure type="java.lang.AssertionError" message="null">
      <![CDATA[java.lang.AssertionError: null
at xmlStudy.MyTest5.myMethod1(MyTest5.java:14)
at java.base/java.util.ArrayList.forEach(ArrayList.java:1511)
... Removed 27 stack frames]]>
    </failure>
  </testcase> <!-- myMethod1 -->
  <testcase classname="xmlStudy.MyTest5" name="myMethod3" time="0.001"/>
  <testcase classname="xmlStudy.MyTest5" name="myMethod4" time="0.0">
    <ignored/>
  </testcase> <!-- myMethod4 -->
  <testcase classname="xmlStudy.MyTest5" name="myMethod2" time="0.0">
    <ignored/>
  </testcase> <!-- myMethod2 -->
  <testcase classname="xmlStudy.MyTest5" name="myMethod5" time="0.0">
    <ignored/>
  </testcase> <!-- myMethod5 -->
</testsuite> <!-- Default test(failed) -->
