<?xml version="1.0" encoding="UTF-8"?>
<!-- Generated by org.testng.reporters.JUnitXMLReporter -->
<testsuite ignored="0" hostname="DESKTOP-ONM5U6M" failures="0" tests="1" name="firefoxTest" time="35.063" errors="0" timestamp="2022-06-20T11:59:09 IST">
  <testcase classname="kiteWithExcel.KiteTestCrossBrowser" name="@BeforeMethod loginToKite" time="0.0">
    <failure type="java.lang.NullPointerException" message="Cannot invoke &amp;quot;org.apache.poi.ss.usermodel.Sheet.getRow(int)&amp;quot; because &amp;quot;this.mySheet&amp;quot; is null">
      <![CDATA[java.lang.NullPointerException: Cannot invoke "org.apache.poi.ss.usermodel.Sheet.getRow(int)" because "this.mySheet" is null
at kiteWithExcel.KiteTestCrossBrowser.loginToKite(KiteTestCrossBrowser.java:68)
at java.base/java.util.ArrayList.forEach(ArrayList.java:1511)
... Removed 29 stack frames]]>
    </failure>
  </testcase> <!-- @BeforeMethod loginToKite -->
  <testcase classname="kiteWithExcel.KiteTestCrossBrowser" name="@AfterMethod logOutFromkiteApp" time="-1.65570654917E9">
    <skipped/>
  </testcase> <!-- @AfterMethod logOutFromkiteApp -->
  <testcase classname="kiteWithExcel.KiteTestCrossBrowser" name="@AfterClass closebrowser" time="-1.655706549173E9">
    <skipped/>
  </testcase> <!-- @AfterClass closebrowser -->
  <testcase classname="kiteWithExcel.KiteTestCrossBrowser" name="verifyKiteUserName" time="0.0">
    <skipped/>
  </testcase> <!-- verifyKiteUserName -->
</testsuite> <!-- firefoxTest -->
