<?xml version="1.0" encoding="UTF-8"?>
<!-- Generated by org.testng.reporters.JUnitXMLReporter -->
<testsuite ignored="0" hostname="DESKTOP-ONM5U6M" failures="0" tests="4" name="Test" time="0.075" errors="0" timestamp="2022-06-23T10:08:56 IST">
  <testcase classname="testNGlistener.Gujrat" name="Ahmedabad" time="0.018"/>
  <testcase classname="testNGlistener.Gujrat" name="Surat" time="0.001"/>
  <testcase classname="testNGlistener.Maharashtra" name="Nandurbar" time="0.001"/>
  <testcase classname="testNGlistener.Maharashtra" name="Shahada" time="0.001"/>
</testsuite> <!-- Test -->
